D:\COURSE_ADVANCED ANIMATION\ASSIGNMENT 2\MAYAPLUGINHW2_VS2010UPDATE\MAYAPLUGINHW2\.DEBUG\CYLINDER.OBJ
D:\COURSE_ADVANCED ANIMATION\ASSIGNMENT 2\MAYAPLUGINHW2_VS2010UPDATE\MAYAPLUGINHW2\.DEBUG\LSYSTEM.OBJ
D:\COURSE_ADVANCED ANIMATION\ASSIGNMENT 2\MAYAPLUGINHW2_VS2010UPDATE\MAYAPLUGINHW2\.DEBUG\LSYSTEMCMD.OBJ
D:\COURSE_ADVANCED ANIMATION\ASSIGNMENT 2\MAYAPLUGINHW2_VS2010UPDATE\MAYAPLUGINHW2\.DEBUG\LSYSTEMNODE.OBJ
D:\COURSE_ADVANCED ANIMATION\ASSIGNMENT 2\MAYAPLUGINHW2_VS2010UPDATE\MAYAPLUGINHW2\.DEBUG\PLUGINMAIN.OBJ
D:\COURSE_ADVANCED ANIMATION\ASSIGNMENT 2\MAYAPLUGINHW2_VS2010UPDATE\MAYAPLUGINHW2\.DEBUG\VEC.OBJ
D:\Course_Advanced Animation\Assignment 2\MayaPluginHw2_VS2010update\MayaPluginHw2\Debug\MyPlugin.exp
D:\Course_Advanced Animation\Assignment 2\MayaPluginHw2_VS2010update\MayaPluginHw2\Debug\MyPlugin.lib
D:\COURSE_ADVANCED ANIMATION\ASSIGNMENT 2\MAYAPLUGINHW2_VS2010UPDATE\MAYAPLUGINHW2\DEBUG\MYPLUGIN.PDB
D:\Course_Advanced Animation\Assignment 2\MayaPluginHw2_VS2010update\MayaPluginHw2\x64\Debug\cl.command.1.tlog
D:\Course_Advanced Animation\Assignment 2\MayaPluginHw2_VS2010update\MayaPluginHw2\x64\Debug\CL.read.1.tlog
D:\Course_Advanced Animation\Assignment 2\MayaPluginHw2_VS2010update\MayaPluginHw2\x64\Debug\CL.write.1.tlog
D:\Course_Advanced Animation\Assignment 2\MayaPluginHw2_VS2010update\MayaPluginHw2\x64\Debug\link.13368.read.1.tlog
D:\Course_Advanced Animation\Assignment 2\MayaPluginHw2_VS2010update\MayaPluginHw2\x64\Debug\link.13368.write.1.tlog
D:\Course_Advanced Animation\Assignment 2\MayaPluginHw2_VS2010update\MayaPluginHw2\x64\Debug\link.13368-cvtres.read.1.tlog
D:\Course_Advanced Animation\Assignment 2\MayaPluginHw2_VS2010update\MayaPluginHw2\x64\Debug\link.13368-cvtres.write.1.tlog
D:\Course_Advanced Animation\Assignment 2\MayaPluginHw2_VS2010update\MayaPluginHw2\x64\Debug\link.command.1.tlog
D:\Course_Advanced Animation\Assignment 2\MayaPluginHw2_VS2010update\MayaPluginHw2\x64\Debug\link.read.1.tlog
D:\Course_Advanced Animation\Assignment 2\MayaPluginHw2_VS2010update\MayaPluginHw2\x64\Debug\link.write.1.tlog
D:\Course_Advanced Animation\Assignment 2\MayaPluginHw2_VS2010update\MayaPluginHw2\x64\Debug\link-cvtres.read.1.tlog
D:\Course_Advanced Animation\Assignment 2\MayaPluginHw2_VS2010update\MayaPluginHw2\x64\Debug\link-cvtres.write.1.tlog
D:\COURSE_ADVANCED ANIMATION\ASSIGNMENT 2\MAYAPLUGINHW2_VS2010UPDATE\MAYAPLUGINHW2\X64\DEBUG\LSYSTEMMAYA.DLL.EMBED.MANIFEST
D:\COURSE_ADVANCED ANIMATION\ASSIGNMENT 2\MAYAPLUGINHW2_VS2010UPDATE\MAYAPLUGINHW2\X64\DEBUG\LSYSTEMMAYA.DLL.EMBED.MANIFEST.RES
D:\Course_Advanced Animation\Assignment 2\MayaPluginHw2_VS2010update\MayaPluginHw2\x64\Debug\LSystemMaya.dll.intermediate.manifest
D:\Course_Advanced Animation\Assignment 2\MayaPluginHw2_VS2010update\MayaPluginHw2\x64\Debug\LSystemMaya.write.1.tlog
D:\Course_Advanced Animation\Assignment 2\MayaPluginHw2_VS2010update\MayaPluginHw2\x64\Debug\LSystemMaya_manifest.rc
D:\Course_Advanced Animation\Assignment 2\MayaPluginHw2_VS2010update\MayaPluginHw2\x64\Debug\mt.command.1.tlog
D:\Course_Advanced Animation\Assignment 2\MayaPluginHw2_VS2010update\MayaPluginHw2\x64\Debug\mt.read.1.tlog
D:\Course_Advanced Animation\Assignment 2\MayaPluginHw2_VS2010update\MayaPluginHw2\x64\Debug\mt.write.1.tlog
D:\Course_Advanced Animation\Assignment 2\MayaPluginHw2_VS2010update\MayaPluginHw2\x64\Debug\rc.command.1.tlog
D:\Course_Advanced Animation\Assignment 2\MayaPluginHw2_VS2010update\MayaPluginHw2\x64\Debug\rc.read.1.tlog
D:\Course_Advanced Animation\Assignment 2\MayaPluginHw2_VS2010update\MayaPluginHw2\x64\Debug\rc.write.1.tlog
