C:\USERS\DANNY\DESKTOP\BUBBLE CREATOR\.DEBUG\CREATEBUBBLECMD.OBJ
C:\USERS\DANNY\DESKTOP\BUBBLE CREATOR\.DEBUG\CYLINDER.OBJ
C:\USERS\DANNY\DESKTOP\BUBBLE CREATOR\.DEBUG\LSYSTEM.OBJ
C:\USERS\DANNY\DESKTOP\BUBBLE CREATOR\.DEBUG\LSYSTEMNODE.OBJ
C:\USERS\DANNY\DESKTOP\BUBBLE CREATOR\.DEBUG\PLUGINMAIN.OBJ
C:\USERS\DANNY\DESKTOP\BUBBLE CREATOR\.DEBUG\VEC.OBJ
C:\USERS\DANNY\DESKTOP\BUBBLE CREATOR\DEBUG\BUBBLE_CIS660.ILK
C:\USERS\DANNY\DESKTOP\BUBBLE CREATOR\DEBUG\BUBBLE_CIS660.MLL
C:\Users\Danny\Desktop\Bubble creator\Debug\MyPlugin.exp
C:\Users\Danny\Desktop\Bubble creator\Debug\MyPlugin.lib
C:\USERS\DANNY\DESKTOP\BUBBLE CREATOR\DEBUG\MYPLUGIN.PDB
C:\Users\Danny\Desktop\Bubble creator\x64\Debug\cl.command.1.tlog
C:\Users\Danny\Desktop\Bubble creator\x64\Debug\CL.read.1.tlog
C:\Users\Danny\Desktop\Bubble creator\x64\Debug\CL.write.1.tlog
C:\Users\Danny\Desktop\Bubble creator\x64\Debug\link.20336.read.1.tlog
C:\Users\Danny\Desktop\Bubble creator\x64\Debug\link.20336.write.1.tlog
C:\Users\Danny\Desktop\Bubble creator\x64\Debug\link.20336-cvtres.read.1.tlog
C:\Users\Danny\Desktop\Bubble creator\x64\Debug\link.20336-cvtres.write.1.tlog
C:\Users\Danny\Desktop\Bubble creator\x64\Debug\link.command.1.tlog
C:\Users\Danny\Desktop\Bubble creator\x64\Debug\link.read.1.tlog
C:\Users\Danny\Desktop\Bubble creator\x64\Debug\link.write.1.tlog
C:\Users\Danny\Desktop\Bubble creator\x64\Debug\link-cvtres.read.1.tlog
C:\Users\Danny\Desktop\Bubble creator\x64\Debug\link-cvtres.write.1.tlog
C:\USERS\DANNY\DESKTOP\BUBBLE CREATOR\X64\DEBUG\MANYTINYBUBBLE.DLL.EMBED.MANIFEST
C:\USERS\DANNY\DESKTOP\BUBBLE CREATOR\X64\DEBUG\MANYTINYBUBBLE.DLL.EMBED.MANIFEST.RES
C:\USERS\DANNY\DESKTOP\BUBBLE CREATOR\X64\DEBUG\MANYTINYBUBBLE.DLL.INTERMEDIATE.MANIFEST
C:\Users\Danny\Desktop\Bubble creator\x64\Debug\ManyTinyBubble.write.1.tlog
C:\Users\Danny\Desktop\Bubble creator\x64\Debug\ManyTinyBubble_manifest.rc
C:\Users\Danny\Desktop\Bubble creator\x64\Debug\mt.command.1.tlog
C:\Users\Danny\Desktop\Bubble creator\x64\Debug\mt.read.1.tlog
C:\Users\Danny\Desktop\Bubble creator\x64\Debug\mt.write.1.tlog
C:\Users\Danny\Desktop\Bubble creator\x64\Debug\MyPlugin.vcxprojResolveAssemblyReference.cache
C:\Users\Danny\Desktop\Bubble creator\x64\Debug\rc.command.1.tlog
C:\Users\Danny\Desktop\Bubble creator\x64\Debug\rc.read.1.tlog
C:\Users\Danny\Desktop\Bubble creator\x64\Debug\rc.write.1.tlog
