已經開始建置於 2014/3/16 下午 02:16:39。
     1>節點 3 (build 目標) 上的專案 "D:\Course_Advanced Animation\Authuring tool\Final Project\Bubble Simulation\many_tiny_bubbles_maya\many_tiny_bubbles\MyPlugin.vcxproj"。
     1>InitializeBuildStatus:
         由於指定了 "AlwaysCreate"，因此正在建立 "x64\Debug\ManyTinyBubble.unsuccessfulbuild"。
       ClCompile:
         C:\Program Files (x86)\Microsoft Visual Studio 10.0\VC\bin\x86_amd64\CL.exe /c /I"C:\Program Files\Autodesk\Maya2012\include" /Zi /nologo /W3 /WX- /Od /D _DEBUG /D WIN32 /D _WINDOWS /D NT_PLUGIN /D REQUIRE_IOSTREAM /D _VC80_UPGRADE=0x0710 /D _WINDLL /D _UNICODE /D UNICODE /Gm- /EHa /MDd /GS /fp:precise /Zc:wchar_t /Zc:forScope /Fo".Debug/" /Fd".\Debug/MyPlugin.pdb" /Gd /TP /wd4244 /wd4305 /wd4018 /errorReport:prompt CreateBubbleNode.cpp /GR /GS /EHac 
         CreateBubbleNode.cpp
       ManifestResourceCompile:
         所有輸出都是最新的。
     1>C:\Program Files (x86)\MSBuild\Microsoft.Cpp\v4.0\Microsoft.CppBuild.targets(990,5): warning MSB8012: TargetPath(D:\Course_Advanced Animation\Authuring tool\Final Project\Bubble Simulation\many_tiny_bubbles_maya\many_tiny_bubbles\x64\Debug\ManyTinyBubble.dll) 與 Linker 的 OutputFile 屬性值 (D:\Course_Advanced Animation\Authuring tool\Final Project\Bubble Simulation\many_tiny_bubbles_maya\many_tiny_bubbles\Debug\Bubble_CIS660.mll) 不相符。這可能會導致您的專案建置不正確。若要改正這種情況，請確認 $(OutDir)、$(TargetName) 和 $(TargetExt) 屬性值必須與 %(Link.OutputFile) 中指定的值相符。
     1>C:\Program Files (x86)\MSBuild\Microsoft.Cpp\v4.0\Microsoft.CppBuild.targets(991,5): warning MSB8012: TargetExt(.dll) 與 Linker 的 OutputFile 屬性值 (.mll) 不相符。這可能會導致您的專案建置不正確。若要改正這種情況，請確認 $(OutDir)、$(TargetName) 和 $(TargetExt) 屬性值必須與 %(Link.OutputFile) 中指定的值相符。
     1>C:\Program Files (x86)\MSBuild\Microsoft.Cpp\v4.0\Microsoft.CppBuild.targets(992,5): warning MSB8012: TargetName(ManyTinyBubble) 與 Linker 的 OutputFile 屬性值 (Bubble_CIS660) 不相符。這可能會導致您的專案建置不正確。若要改正這種情況，請確認 $(OutDir)、$(TargetName) 和 $(TargetExt) 屬性值必須與 %(Link.OutputFile) 中指定的值相符。
       Link:
         C:\Program Files (x86)\Microsoft Visual Studio 10.0\VC\bin\x86_amd64\link.exe /ERRORREPORT:PROMPT /OUT:"Debug\Bubble_CIS660.mll" /INCREMENTAL /NOLOGO /LIBPATH:"C:\Program Files\Autodesk\Maya2012\lib" odbc32.lib odbccp32.lib OpenMaya.lib OpenMayaRender.lib Foundation.lib kernel32.lib user32.lib gdi32.lib winspool.lib comdlg32.lib advapi32.lib shell32.lib ole32.lib oleaut32.lib uuid.lib odbc32.lib odbccp32.lib /MANIFEST /ManifestFile:"x64\Debug\ManyTinyBubble.dll.intermediate.manifest" /MANIFESTUAC:"level='asInvoker' uiAccess='false'" /DEBUG /PDB:".\Debug/MyPlugin.pdb" /SUBSYSTEM:WINDOWS /TLBID:1 /DYNAMICBASE /NXCOMPAT /IMPLIB:".\Debug/MyPlugin.lib" /MACHINE:X64 /DLL x64\Debug\ManyTinyBubble.dll.embed.manifest.res
         .Debug/CreateBubbleNode.obj
         .Debug/cylinder.obj
         .Debug/LSystem.obj
         .Debug/CreateBubbleCmd.obj
         .Debug/PluginMain.obj
         .Debug/RenderSequentialImagesCmd.obj
         .Debug/vec.obj /export:initializePlugin /export:uninitializePlugin  
         MyPlugin.vcxproj -> D:\Course_Advanced Animation\Authuring tool\Final Project\Bubble Simulation\many_tiny_bubbles_maya\many_tiny_bubbles\x64\Debug\ManyTinyBubble.dll
       Manifest:
         C:\Program Files (x86)\Microsoft SDKs\Windows\v7.0A\bin\mt.exe /nologo /verbose /out:"x64\Debug\ManyTinyBubble.dll.embed.manifest" /manifest x64\Debug\ManyTinyBubble.dll.intermediate.manifest
         所有輸出都是最新的。
       LinkEmbedManifest:
         所有輸出都是最新的。
         MyPlugin.vcxproj -> D:\Course_Advanced Animation\Authuring tool\Final Project\Bubble Simulation\many_tiny_bubbles_maya\many_tiny_bubbles\x64\Debug\ManyTinyBubble.dll
       FinalizeBuildStatus:
         正在刪除檔案 "x64\Debug\ManyTinyBubble.unsuccessfulbuild"。
         正在變更時間戳記 "x64\Debug\ManyTinyBubble.lastbuildstate"。
     1>專案 "D:\Course_Advanced Animation\Authuring tool\Final Project\Bubble Simulation\many_tiny_bubbles_maya\many_tiny_bubbles\MyPlugin.vcxproj" (build 目標) 建置完成。

建置成功。

經過時間 00:00:15.94
